current directory: /home/runner/work/r-novice-inflammation/r-novice-inflammation/.vendor/bundle/ruby/2.7.0/gems/racc-1.6.2/ext/racc/cparse
/opt/hostedtoolcache/Ruby/2.7.8/x64/bin/ruby -I /opt/hostedtoolcache/Ruby/2.7.8/x64/lib/ruby/2.7.0 -r ./siteconf20230426-3297-paeqyr.rb extconf.rb
checking for rb_block_call()... yes
checking for rb_ary_subseq()... yes
creating Makefile

current directory: /home/runner/work/r-novice-inflammation/r-novice-inflammation/.vendor/bundle/ruby/2.7.0/gems/racc-1.6.2/ext/racc/cparse
make "DESTDIR=" clean
make[1]: Entering directory '/home/runner/work/r-novice-inflammation/r-novice-inflammation/.vendor/bundle/ruby/2.7.0/gems/racc-1.6.2/ext/racc/cparse'
Makefile:176: warning: overriding recipe for target 'clean'
懈SBV:176: warning: ignoring old recipe for target 'clean'
Makefile:183: warning: overriding recipe for target 'distclean'
懈SBV:183: warning: ignoring old recipe for target 'distclean'
Makefile:191: warning: overriding recipe for target 'install-so'
懈SBV:191: warning: ignoring old recipe for target 'install-so'
Makefile:201: warning: overriding recipe for target 'pre-install-rb-default'
懈SBV:201: warning: ignoring old recipe for target 'pre-install-rb-default'
Makefile:203: warning: overriding recipe for target '.sitearchdir.-.racc.time'
懈SBV:203: warning: ignoring old recipe for target '.sitearchdir.-.racc.time'
Makefile:213: warning: overriding recipe for target '.cc.o'
懈SBV:213: warning: ignoring old recipe for target '.cc.o'
Makefile:217: warning: overriding recipe for target '.cc.S'
懈SBV:217: warning: ignoring old recipe for target '.cc.S'
Makefile:221: warning: overriding recipe for target '.mm.o'
懈SBV:221: warning: ignoring old recipe for target '.mm.o'
Makefile:225: warning: overriding recipe for target '.mm.S'
懈SBV:225: warning: ignoring old recipe for target '.mm.S'
Makefile:229: warning: overriding recipe for target '.cxx.o'
懈SBV:229: warning: ignoring old recipe for target '.cxx.o'
Makefile:233: warning: overriding recipe for target '.cxx.S'
懈SBV:233: warning: ignoring old recipe for target '.cxx.S'
Makefile:237: warning: overriding recipe for target '.cpp.o'
懈SBV:237: warning: ignoring old recipe for target '.cpp.o'
Makefile:241: warning: overriding recipe for target '.cpp.S'
懈SBV:241: warning: ignoring old recipe for target '.cpp.S'
Makefile:245: warning: overriding recipe for target '.c.o'
懈SBV:245: warning: ignoring old recipe for target '.c.o'
Makefile:249: warning: overriding recipe for target '.c.S'
懈SBV:249: warning: ignoring old recipe for target '.c.S'
Makefile:253: warning: overriding recipe for target '.m.o'
懈SBV:253: warning: ignoring old recipe for target '.m.o'
Makefile:257: warning: overriding recipe for target '.m.S'
懈SBV:257: warning: ignoring old recipe for target '.m.S'
Makefile:261: warning: overriding recipe for target 'cparse.so'
懈SBV:261: warning: ignoring old recipe for target 'cparse.so'
make[1]: Leaving directory '/home/runner/work/r-novice-inflammation/r-novice-inflammation/.vendor/bundle/ruby/2.7.0/gems/racc-1.6.2/ext/racc/cparse'

current directory: /home/runner/work/r-novice-inflammation/r-novice-inflammation/.vendor/bundle/ruby/2.7.0/gems/racc-1.6.2/ext/racc/cparse
make "DESTDIR="
make[1]: Entering directory '/home/runner/work/r-novice-inflammation/r-novice-inflammation/.vendor/bundle/ruby/2.7.0/gems/racc-1.6.2/ext/racc/cparse'
Makefile:176: warning: overriding recipe for target 'clean'
需Z~U:176: warning: ignoring old recipe for target 'clean'
Makefile:183: warning: overriding recipe for target 'distclean'
需Z~U:183: warning: ignoring old recipe for target 'distclean'
Makefile:191: warning: overriding recipe for target 'install-so'
需Z~U:191: warning: ignoring old recipe for target 'install-so'
Makefile:201: warning: overriding recipe for target 'pre-install-rb-default'
需Z~U:201: warning: ignoring old recipe for target 'pre-install-rb-default'
Makefile:203: warning: overriding recipe for target '.sitearchdir.-.racc.time'
需Z~U:203: warning: ignoring old recipe for target '.sitearchdir.-.racc.time'
Makefile:213: warning: overriding recipe for target '.cc.o'
需Z~U:213: warning: ignoring old recipe for target '.cc.o'
Makefile:217: warning: overriding recipe for target '.cc.S'
需Z~U:217: warning: ignoring old recipe for target '.cc.S'
Makefile:221: warning: overriding recipe for target '.mm.o'
需Z~U:221: warning: ignoring old recipe for target '.mm.o'
Makefile:225: warning: overriding recipe for target '.mm.S'
需Z~U:225: warning: ignoring old recipe for target '.mm.S'
Makefile:229: warning: overriding recipe for target '.cxx.o'
需Z~U:229: warning: ignoring old recipe for target '.cxx.o'
Makefile:233: warning: overriding recipe for target '.cxx.S'
需Z~U:233: warning: ignoring old recipe for target '.cxx.S'
Makefile:237: warning: overriding recipe for target '.cpp.o'
需Z~U:237: warning: ignoring old recipe for target '.cpp.o'
Makefile:241: warning: overriding recipe for target '.cpp.S'
需Z~U:241: warning: ignoring old recipe for target '.cpp.S'
Makefile:245: warning: overriding recipe for target '.c.o'
需Z~U:245: warning: ignoring old recipe for target '.c.o'
Makefile:249: warning: overriding recipe for target '.c.S'
需Z~U:249: warning: ignoring old recipe for target '.c.S'
Makefile:253: warning: overriding recipe for target '.m.o'
需Z~U:253: warning: ignoring old recipe for target '.m.o'
Makefile:257: warning: overriding recipe for target '.m.S'
需Z~U:257: warning: ignoring old recipe for target '.m.S'
Makefile:261: warning: overriding recipe for target 'cparse.so'
需Z~U:261: warning: ignoring old recipe for target 'cparse.so'
compiling cparse.c
linking shared-object racc/cparse.so
make[1]: Leaving directory '/home/runner/work/r-novice-inflammation/r-novice-inflammation/.vendor/bundle/ruby/2.7.0/gems/racc-1.6.2/ext/racc/cparse'

current directory: /home/runner/work/r-novice-inflammation/r-novice-inflammation/.vendor/bundle/ruby/2.7.0/gems/racc-1.6.2/ext/racc/cparse
make "DESTDIR=" install
make[1]: Entering directory '/home/runner/work/r-novice-inflammation/r-novice-inflammation/.vendor/bundle/ruby/2.7.0/gems/racc-1.6.2/ext/racc/cparse'
Makefile:176: warning: overriding recipe for target 'clean'
需yU:176: warning: ignoring old recipe for target 'clean'
Makefile:183: warning: overriding recipe for target 'distclean'
需yU:183: warning: ignoring old recipe for target 'distclean'
Makefile:191: warning: overriding recipe for target 'install-so'
需yU:191: warning: ignoring old recipe for target 'install-so'
Makefile:201: warning: overriding recipe for target 'pre-install-rb-default'
需yU:201: warning: ignoring old recipe for target 'pre-install-rb-default'
Makefile:203: warning: overriding recipe for target '.sitearchdir.-.racc.time'
需yU:203: warning: ignoring old recipe for target '.sitearchdir.-.racc.time'
Makefile:213: warning: overriding recipe for target '.cc.o'
需yU:213: warning: ignoring old recipe for target '.cc.o'
Makefile:217: warning: overriding recipe for target '.cc.S'
需yU:217: warning: ignoring old recipe for target '.cc.S'
Makefile:221: warning: overriding recipe for target '.mm.o'
需yU:221: warning: ignoring old recipe for target '.mm.o'
Makefile:225: warning: overriding recipe for target '.mm.S'
需yU:225: warning: ignoring old recipe for target '.mm.S'
Makefile:229: warning: overriding recipe for target '.cxx.o'
需yU:229: warning: ignoring old recipe for target '.cxx.o'
Makefile:233: warning: overriding recipe for target '.cxx.S'
需yU:233: warning: ignoring old recipe for target '.cxx.S'
Makefile:237: warning: overriding recipe for target '.cpp.o'
需yU:237: warning: ignoring old recipe for target '.cpp.o'
Makefile:241: warning: overriding recipe for target '.cpp.S'
需yU:241: warning: ignoring old recipe for target '.cpp.S'
Makefile:245: warning: overriding recipe for target '.c.o'
需yU:245: warning: ignoring old recipe for target '.c.o'
Makefile:249: warning: overriding recipe for target '.c.S'
需yU:249: warning: ignoring old recipe for target '.c.S'
Makefile:253: warning: overriding recipe for target '.m.o'
需yU:253: warning: ignoring old recipe for target '.m.o'
Makefile:257: warning: overriding recipe for target '.m.S'
需yU:257: warning: ignoring old recipe for target '.m.S'
Makefile:261: warning: overriding recipe for target 'cparse.so'
需yU:261: warning: ignoring old recipe for target 'cparse.so'
/usr/bin/install -c -m 0755 cparse.so ./.gem.20230426-3297-4xg9v8/racc
make[1]: Leaving directory '/home/runner/work/r-novice-inflammation/r-novice-inflammation/.vendor/bundle/ruby/2.7.0/gems/racc-1.6.2/ext/racc/cparse'
